<?xml version="1.0" encoding="UTF-8"?>
<testng-results ignored="0" total="1" passed="1" failed="0" skipped="0">
  <reporter-output>
  </reporter-output>
  <suite started-at="2022-12-22T10:34:09Z" name="Default suite" finished-at="2022-12-22T10:35:03Z" duration-ms="53226">
    <groups>
    </groups>
    <test started-at="2022-12-22T10:34:09Z" name="Default test" finished-at="2022-12-22T10:35:03Z" duration-ms="53226">
      <class name="Tests.DeleteBook">
        <test-method signature="DeleteBookTest()[pri:0, instance:Tests.DeleteBook@45312be2]" started-at="2022-12-22T10:34:09Z" name="DeleteBookTest" finished-at="2022-12-22T10:35:02Z" duration-ms="52688" status="PASS">
          <reporter-output>
          </reporter-output>
        </test-method> <!-- DeleteBookTest -->
      </class> <!-- Tests.DeleteBook -->
    </test> <!-- Default test -->
  </suite> <!-- Default suite -->
</testng-results>
